SF:lib\open_meteo_api.dart
DA:8,0
LF:1
LH:0
end_of_record
SF:lib\src\open_meteo_api_client.dart
DA:24,1
DA:25,1
DA:33,1
DA:34,1
DA:37,1
DA:40,2
DA:42,2
DA:43,1
DA:46,2
DA:48,2
DA:50,1
DA:52,2
DA:54,2
DA:58,1
DA:62,2
DA:63,1
DA:64,1
DA:68,2
DA:70,2
DA:71,1
DA:74,2
DA:76,1
DA:77,1
DA:80,1
DA:82,1
LF:25
LH:25
end_of_record
SF:lib\src\models\location.dart
DA:7,2
DA:14,2
DA:15,2
LF:3
LH:3
end_of_record
SF:lib\src\models\location.g.dart
DA:9,4
DA:10,4
DA:11,2
DA:12,4
DA:13,4
DA:16,0
DA:17,0
DA:18,0
DA:19,0
DA:20,0
LF:10
LH:5
end_of_record
SF:lib\src\models\weather.dart
DA:7,2
DA:9,2
DA:10,2
LF:3
LH:3
end_of_record
SF:lib\src\models\weather.g.dart
DA:9,4
DA:10,4
DA:11,4
DA:14,0
DA:15,0
DA:16,0
LF:6
LH:3
end_of_record
